<?xml version="1.0" encoding="UTF-8"?>
<testsuite xmlns:xsi="http://www.w3.org/2001/XMLSchema-instance" xsi:schemaLocation="https://maven.apache.org/surefire/maven-surefire-plugin/xsd/surefire-test-report.xsd" name="org.mulesoft.training.JUnitTest" time="2.309" tests="1" errors="1" skipped="0" failures="0">
  <properties>
[...]
</properties>
  <testcase name="runtest1" classname="org.mulesoft.training.JUnitTest" time="1.595">
    <error message="Configuration problem: Unable to locate NamespaceHandler for namespace [http://www.mulesoft.org/schema/mule/db]&#10;Offending resource: URL [file:/C:/prod/demo/mule/api-policy/target/test-classes/api-policy.xml] (org.mule.api.lifecycle.InitialisationException)" type="org.mule.api.config.ConfigurationException">org.mule.api.config.ConfigurationException: 
Configuration problem: Unable to locate NamespaceHandler for namespace [http://www.mulesoft.org/schema/mule/db]
Offending resource: URL [file:/C:/prod/demo/mule/api-policy/target/test-classes/api-policy.xml] (org.mule.api.lifecycle.InitialisationException)
Caused by: org.mule.api.lifecycle.InitialisationException: 
Configuration problem: Unable to locate NamespaceHandler for namespace [http://www.mulesoft.org/schema/mule/db]
Offending resource: URL [file:/C:/prod/demo/mule/api-policy/target/test-classes/api-policy.xml]
Caused by: org.springframework.beans.factory.parsing.BeanDefinitionParsingException: 
Configuration problem: Unable to locate NamespaceHandler for namespace [http://www.mulesoft.org/schema/mule/db]
Offending resource: URL [file:/C:/prod/demo/mule/api-policy/target/test-classes/api-policy.xml]
</error>
    <system-out><![CDATA[
================================================================================
= Testing: runtest1                                                            =
================================================================================
INFO  2017-03-21 15:35:53,762 [Thread-1] org.mulesoft.training.JUnitTest: Using working directory for test: C:\Users\FLEXAG~1\AppData\Local\Temp\junit1201021431531233250
INFO  2017-03-21 15:35:53,891 [Thread-1] org.mule.lifecycle.AbstractLifecycleManager: Initialising RegistryBroker
INFO  2017-03-21 15:35:54,008 [Thread-1] org.mule.config.spring.MuleArtifactContext: Refreshing org.mule.config.spring.MuleArtifactContext@7873fdb2: startup date [Tue Mar 21 15:35:54 CDT 2017]; root of context hierarchy
INFO  2017-03-21 15:35:55,103 [Thread-1] org.mule.lifecycle.AbstractLifecycleManager: Disposing RegistryBroker
]]></system-out>
    <system-err><![CDATA[SLF4J: Class path contains multiple SLF4J bindings.
SLF4J: Found binding in [jar:file:/C:/Users/Flexagon05/.m2/repository/org/apache/logging/log4j/log4j-slf4j-impl/2.5/log4j-slf4j-impl-2.5.jar!/org/slf4j/impl/StaticLoggerBinder.class]
SLF4J: Found binding in [jar:file:/C:/Users/Flexagon05/.m2/repository/org/slf4j/slf4j-log4j12/1.7.5/slf4j-log4j12-1.7.5.jar!/org/slf4j/impl/StaticLoggerBinder.class]
SLF4J: See http://www.slf4j.org/codes.html#multiple_bindings for an explanation.
SLF4J: Actual binding is of type [org.apache.logging.slf4j.Log4jLoggerFactory]
]]></system-err>
  </testcase>
</testsuite>